<?xml version="1.0" encoding="utf-8"?><testsuites><testsuite name="pytest" errors="0" failures="0" skipped="0" tests="31" time="138.377" timestamp="2025-10-04T18:53:21.910277" hostname="chopper.local"><testcase classname="tests.test_datatypes" name="test_ts[./_includes/code/typescript/config-refs.datatypes.blob.ts]" time="11.390" /><testcase classname="tests.test_datatypes" name="test_ts[./_includes/code/typescript/config-refs.datatypes.date.ts]" time="0.860" /><testcase classname="tests.test_datatypes" name="test_ts[./_includes/code/typescript/config-refs.datatypes.geocoordinates.ts]" time="0.882" /><testcase classname="tests.test_datatypes" name="test_ts[./_includes/code/typescript/config-refs.datatypes.numerical.ts]" time="0.905" /><testcase classname="tests.test_datatypes" name="test_ts[./_includes/code/typescript/config-refs.datatypes.object.ts]" time="0.944" /><testcase classname="tests.test_datatypes" name="test_ts[./_includes/code/typescript/config-refs.datatypes.phonenumber.ts]" time="0.713" /><testcase classname="tests.test_datatypes" name="test_ts[./_includes/code/typescript/config-refs.datatypes.text.ts]" time="1.379" /><testcase classname="tests.test_datatypes" name="test_ts[./_includes/code/typescript/config-refs.datatypes.uuid.ts]" time="0.742" /><testcase classname="tests.test_manage_data" name="test_ts[./_includes/code/howto/manage-data.create.ts]" time="2.757" /><testcase classname="tests.test_manage_data" name="test_ts[./_includes/code/howto/manage-data.delete.ts]" time="0.718" /><testcase classname="tests.test_manage_data" name="test_ts[./_includes/code/howto/manage-data.update.ts]" time="1.949" /><testcase classname="tests.test_manage_data" name="test_ts[./_includes/code/howto/manage-data.collections.ts]" time="5.900" /><testcase classname="tests.test_manage_data" name="test_ts[./_includes/code/howto/manage-data.multi-tenancy.ts]" time="1.806" /><testcase classname="tests.test_quickstart" name="test_ts[_includes/code/typescript/quickstart.is_ready.ts]" time="1.215" /><testcase classname="tests.test_quickstart" name="test_ts[_includes/code/typescript/quickstart.create_collection.ts]" time="1.467" /><testcase classname="tests.test_quickstart" name="test_ts[_includes/code/typescript/quickstart.import_objects.ts]" time="2.580" /><testcase classname="tests.test_quickstart" name="test_ts[_includes/code/typescript/quickstart.query.neartext.ts]" time="1.342" /><testcase classname="tests.test_quickstart" name="test_ts[_includes/code/typescript/quickstart.query.rag.ts]" time="2.704" /><testcase classname="tests.test_quickstart" name="test_ts[_includes/code/typescript/local.quickstart.is_ready.ts]" time="0.550" /><testcase classname="tests.test_quickstart" name="test_ts[_includes/code/typescript/local.quickstart.create_collection.ts]" time="0.863" /><testcase classname="tests.test_quickstart" name="test_ts[_includes/code/typescript/local.quickstart.import_objects.ts]" time="1.747" /><testcase classname="tests.test_quickstart" name="test_ts[_includes/code/typescript/local.quickstart.query.neartext.ts]" time="0.597" /><testcase classname="tests.test_quickstart" name="test_ts[_includes/code/typescript/local.quickstart.query.rag.ts]" time="2.632" /><testcase classname="tests.test_search" name="test_ts[./_includes/code/howto/search.basics.ts]" time="1.887" /><testcase classname="tests.test_search" name="test_ts[./_includes/code/howto/search.similarity.ts]" time="3.331" /><testcase classname="tests.test_search" name="test_ts[./_includes/code/howto/search.bm25.ts]" time="1.698" /><testcase classname="tests.test_search" name="test_ts[./_includes/code/howto/search.hybrid.ts]" time="6.053" /><testcase classname="tests.test_search" name="test_ts[./_includes/code/howto/search.filters.ts]" time="4.092" /><testcase classname="tests.test_search" name="test_ts[./_includes/code/howto/search.aggregate.ts]" time="2.887" /><testcase classname="tests.test_search" name="test_ts[./_includes/code/howto/search.generative.ts]" time="18.202" /><testcase classname="tests.test_search" name="test_ts[./_includes/code/howto/search.rerank.ts]" time="47.309" /></testsuite></testsuites>